C51 COMPILER V9.59.0.0   KEY                                                               06/13/2018 21:58:23 PAGE 1   


C51 COMPILER V9.59.0.0, COMPILATION OF MODULE KEY
OBJECT MODULE PLACED IN .\output\key.obj
COMPILER INVOKED BY: D:\keil4\C51\BIN\C51.EXE c\key.c OPTIMIZE(8,SPEED) BROWSE NOINTPROMOTE INCDIR(.\h) DEBUG OBJECTEXTE
                    -ND PRINT(.\list\key.lst) TABS(2) OBJECT(.\output\key.obj)

line level    source

   1          #include "key.h"
   2          
   3          
   4          
   5          void Key_Init(void)
   6          {
   7   1        P00IH;
   8   1        P24IH;
   9   1        P25IH;
  10   1        
  11   1        IO_KEY6_UP;
  12   1        IO_KEY5_UP;
  13   1        IO_KEY_CONTROL_UP;
  14   1      }
  15          


MODULE INFORMATION:   STATIC OVERLAYABLE
   CODE SIZE        =     25    ----
   CONSTANT SIZE    =   ----    ----
   XDATA SIZE       =   ----    ----
   PDATA SIZE       =   ----    ----
   DATA SIZE        =   ----    ----
   IDATA SIZE       =   ----    ----
   BIT SIZE         =   ----    ----
END OF MODULE INFORMATION.


C51 COMPILATION COMPLETE.  0 WARNING(S),  0 ERROR(S)
